2.2812 	WARNING 	We strongly recommend you activate the PTB sound engine in PsychoPy prefs as the preferred audio engine. Its timing is vastly superior. Your prefs are currently set to use ['sounddevice', 'PTB', 'pyo', 'pygame'] (in that order).
19.0362 	WARNING 	User requested fullscreen with size [1024  768], but screen is actually [1920, 1080]. Using actual size
21.3328 	EXP 	Created window1 = Window(allowGUI=True, allowStencil=False, autoLog=True, backendConf=UNKNOWN, bitsMode=UNKNOWN, blendMode='avg', bpc=(8, 8, 8), color=array([0, 0, 0]), colorSpace='rgb', depthBits=8, fullscr=<method-wrapper '__getattribute__' of attributeSetter object at 0x000002702077BF70>, gamma=None, gammaErrorPolicy='raise', lms=UNKNOWN, monitor=<psychopy.monitors.calibTools.Monitor object at 0x0000027025DEABE0>, multiSample=False, name='window1', numSamples=2, pos=(0, 0), screen=0, size=array([1920, 1080]), stencilBits=0, stereo=False, units='height', useFBO=True, useRetina=False, viewOri=0.0, viewPos=None, viewScale=None, waitBlanking=True, winType='pyglet')
21.3330 	EXP 	window1: mouseVisible = True
21.3331 	EXP 	window1: mouseVisible = False
21.3331 	EXP 	window1: Attempting to measure frame rate of screen (0) ...
21.3332 	EXP 	window1: recordFrameIntervals = False
21.4984 	EXP 	window1: recordFrameIntervals = True
21.6821 	EXP 	Screen (0) actual frame rate measured at 59.97Hz
21.6822 	EXP 	window1: recordFrameIntervals = False
24.3708 	EXP 	Created Fixation = ShapeStim(__class__=<class 'psychopy.visual.shape.ShapeStim'>, anchor=('center', 'center'), autoDraw=False, autoLog=True, closeShape=True, color=method-wrapper(...), colorSpace='rgb', contrast=None, depth=0.0, fillColor=array([1, 1, 1]), fillColorSpace='rgb', fillRGB=array([1, 1, 1]), interpolate=True, lineColor=array([1., 1., 1.]), lineColorSpace='rgb', lineRGB=array([1, 1, 1]), lineWidth=1.0, name='Fixation', opacity=1.0, ori=0.0, pos=array([0., 0.]), size=array([10., 10.]), units='pix', vertices=ndarray(...), win=Window(...), windingRule=None)
24.4049 	EXP 	Created grating = GratingStim(__class__=<class 'psychopy.visual.grating.GratingStim'>, anchor='center', autoDraw=False, autoLog=True, blendmode='avg', color=array([0.3, 0.3, 0.3]), colorSpace='rgb', contrast=0.3, depth=-1.0, interpolate=True, mask='gauss', maskParams=None, name='grating', opacity=1.0, ori=1.0, phase=array([0., 0.]), pos=array([0., 0.]), rgbPedestal=array([0., 0., 0.]), sf=array([5., 5.]), size=array([0.2, 0.2]), tex='sin', texRes=128.0, units='height', win=Window(...))
24.4107 	EXP 	Created sequence: random, trialTypes=1, nReps=100, seed=None
24.4118 	EXP 	New trial (rep=0, index=0): None
24.4473 	EXP 	grating: ori = 2.0
24.4473 	EXP 	Fixation: autoDraw = True
25.4829 	EXP 	grating: autoDraw = True
25.4829 	EXP 	grating: tex = 'sin'
25.4864 	EXP 	Fixation: autoDraw = False
25.7974 	EXP 	grating: autoDraw = False
26.3029 	EXP 	New trial (rep=1, index=0): None
26.3067 	DATA 	Keypress: up
26.3138 	EXP 	Fixation: autoDraw = False
26.3138 	EXP 	grating: autoDraw = False
26.3138 	EXP 	grating: ori = 3.0
26.3138 	EXP 	Fixation: autoDraw = True
27.3132 	EXP 	Fixation: autoDraw = False
27.3132 	EXP 	grating: autoDraw = True
27.6134 	EXP 	grating: autoDraw = False
28.1689 	EXP 	New trial (rep=2, index=0): None
28.1721 	DATA 	Keypress: down
28.1803 	EXP 	Fixation: autoDraw = False
28.1803 	EXP 	grating: autoDraw = False
28.1803 	EXP 	grating: ori = 0.0
28.1803 	EXP 	Fixation: autoDraw = True
29.1801 	EXP 	Fixation: autoDraw = False
29.1801 	EXP 	grating: autoDraw = True
29.4800 	EXP 	grating: autoDraw = False
29.7511 	EXP 	New trial (rep=3, index=0): None
29.7540 	DATA 	Keypress: up
29.7637 	EXP 	Fixation: autoDraw = False
29.7637 	EXP 	grating: autoDraw = False
29.7637 	EXP 	grating: ori = 1.0
29.7637 	EXP 	Fixation: autoDraw = True
30.7635 	EXP 	Fixation: autoDraw = False
30.7635 	EXP 	grating: autoDraw = True
31.0633 	EXP 	grating: autoDraw = False
31.7857 	EXP 	New trial (rep=4, index=0): None
31.7896 	DATA 	Keypress: up
31.7968 	EXP 	Fixation: autoDraw = False
31.7968 	EXP 	grating: autoDraw = False
31.7968 	EXP 	grating: ori = -3.0
31.7968 	EXP 	Fixation: autoDraw = True
32.7968 	EXP 	Fixation: autoDraw = False
32.7968 	EXP 	grating: autoDraw = True
33.0962 	EXP 	grating: autoDraw = False
33.7348 	EXP 	New trial (rep=5, index=0): None
33.7386 	DATA 	Keypress: down
33.7462 	EXP 	Fixation: autoDraw = False
33.7462 	EXP 	grating: autoDraw = False
33.7462 	EXP 	grating: ori = -3.0
33.7462 	EXP 	Fixation: autoDraw = True
34.7462 	EXP 	Fixation: autoDraw = False
34.7462 	EXP 	grating: autoDraw = True
35.0460 	EXP 	grating: autoDraw = False
35.3688 	EXP 	New trial (rep=6, index=0): None
35.3718 	DATA 	Keypress: down
35.3794 	EXP 	Fixation: autoDraw = False
35.3794 	EXP 	grating: autoDraw = False
35.3794 	EXP 	grating: ori = -3.0
35.3794 	EXP 	Fixation: autoDraw = True
36.3791 	EXP 	Fixation: autoDraw = False
36.3791 	EXP 	grating: autoDraw = True
36.6792 	EXP 	grating: autoDraw = False
36.9679 	EXP 	New trial (rep=7, index=0): None
36.9714 	DATA 	Keypress: down
36.9792 	EXP 	Fixation: autoDraw = False
36.9792 	EXP 	grating: autoDraw = False
36.9792 	EXP 	grating: ori = -5.0
36.9792 	EXP 	Fixation: autoDraw = True
37.9793 	EXP 	Fixation: autoDraw = False
37.9793 	EXP 	grating: autoDraw = True
38.2788 	EXP 	grating: autoDraw = False
38.4510 	EXP 	New trial (rep=8, index=0): None
38.4546 	DATA 	Keypress: down
38.4624 	EXP 	Fixation: autoDraw = False
38.4624 	EXP 	grating: autoDraw = False
38.4624 	EXP 	grating: ori = -4.0
38.4624 	EXP 	Fixation: autoDraw = True
39.4623 	EXP 	Fixation: autoDraw = False
39.4623 	EXP 	grating: autoDraw = True
39.7619 	EXP 	grating: autoDraw = False
39.9006 	EXP 	New trial (rep=9, index=0): None
39.9045 	DATA 	Keypress: down
39.9119 	EXP 	Fixation: autoDraw = False
39.9119 	EXP 	grating: autoDraw = False
39.9119 	EXP 	grating: ori = 0.0
39.9119 	EXP 	Fixation: autoDraw = True
40.9118 	EXP 	Fixation: autoDraw = False
40.9118 	EXP 	grating: autoDraw = True
41.2123 	EXP 	grating: autoDraw = False
41.5336 	EXP 	New trial (rep=10, index=0): None
41.5372 	DATA 	Keypress: up
41.5453 	EXP 	Fixation: autoDraw = False
41.5453 	EXP 	grating: autoDraw = False
41.5453 	EXP 	grating: ori = 1.0
41.5453 	EXP 	Fixation: autoDraw = True
42.5455 	EXP 	Fixation: autoDraw = False
42.5455 	EXP 	grating: autoDraw = True
42.8452 	EXP 	grating: autoDraw = False
43.2172 	EXP 	New trial (rep=11, index=0): None
43.2203 	DATA 	Keypress: up
43.2283 	EXP 	Fixation: autoDraw = False
43.2283 	EXP 	grating: autoDraw = False
43.2283 	EXP 	grating: ori = -3.0
43.2283 	EXP 	Fixation: autoDraw = True
44.2283 	EXP 	Fixation: autoDraw = False
44.2283 	EXP 	grating: autoDraw = True
44.5281 	EXP 	grating: autoDraw = False
45.1001 	EXP 	New trial (rep=12, index=0): None
45.1036 	DATA 	Keypress: down
45.1117 	EXP 	Fixation: autoDraw = False
45.1117 	EXP 	grating: autoDraw = False
45.1117 	EXP 	grating: ori = 1.0
45.1117 	EXP 	Fixation: autoDraw = True
46.1116 	EXP 	Fixation: autoDraw = False
46.1116 	EXP 	grating: autoDraw = True
46.4114 	EXP 	grating: autoDraw = False
46.9980 	DATA 	Keypress: down
47.0160 	EXP 	New trial (rep=13, index=0): None
47.0282 	EXP 	Fixation: autoDraw = False
47.0282 	EXP 	grating: autoDraw = False
47.0282 	EXP 	grating: ori = -2.0
47.0282 	EXP 	Fixation: autoDraw = True
48.0278 	EXP 	Fixation: autoDraw = False
48.0278 	EXP 	grating: autoDraw = True
48.3279 	EXP 	grating: autoDraw = False
48.5991 	EXP 	New trial (rep=14, index=0): None
48.6021 	DATA 	Keypress: down
48.6114 	EXP 	Fixation: autoDraw = False
48.6114 	EXP 	grating: autoDraw = False
48.6114 	EXP 	grating: ori = 0.0
48.6114 	EXP 	Fixation: autoDraw = True
49.6111 	EXP 	Fixation: autoDraw = False
49.6111 	EXP 	grating: autoDraw = True
49.9105 	EXP 	grating: autoDraw = False
50.2329 	EXP 	New trial (rep=15, index=0): None
50.2363 	DATA 	Keypress: up
50.2442 	EXP 	Fixation: autoDraw = False
50.2442 	EXP 	grating: autoDraw = False
50.2442 	EXP 	grating: ori = 0.0
50.2442 	EXP 	Fixation: autoDraw = True
51.2440 	EXP 	Fixation: autoDraw = False
51.2440 	EXP 	grating: autoDraw = True
51.5442 	EXP 	grating: autoDraw = False
51.7996 	EXP 	New trial (rep=16, index=0): None
51.8061 	DATA 	Keypress: up
51.8105 	EXP 	Fixation: autoDraw = False
51.8105 	EXP 	grating: autoDraw = False
51.8105 	EXP 	grating: ori = 3.0
51.8105 	EXP 	Fixation: autoDraw = True
52.8103 	EXP 	Fixation: autoDraw = False
52.8103 	EXP 	grating: autoDraw = True
53.1103 	EXP 	grating: autoDraw = False
53.4992 	EXP 	New trial (rep=17, index=0): None
53.5024 	DATA 	Keypress: down
53.5106 	EXP 	Fixation: autoDraw = False
53.5106 	EXP 	grating: autoDraw = False
53.5106 	EXP 	grating: ori = -4.0
53.5106 	EXP 	Fixation: autoDraw = True
54.5104 	EXP 	Fixation: autoDraw = False
54.5104 	EXP 	grating: autoDraw = True
54.8100 	EXP 	grating: autoDraw = False
55.1490 	EXP 	New trial (rep=18, index=0): None
55.1521 	DATA 	Keypress: down
55.1599 	EXP 	Fixation: autoDraw = False
55.1599 	EXP 	grating: autoDraw = False
55.1599 	EXP 	grating: ori = 0.0
55.1599 	EXP 	Fixation: autoDraw = True
56.1601 	EXP 	Fixation: autoDraw = False
56.1601 	EXP 	grating: autoDraw = True
56.4603 	EXP 	grating: autoDraw = False
56.7147 	EXP 	New trial (rep=19, index=0): None
56.7177 	DATA 	Keypress: up
56.7268 	EXP 	Fixation: autoDraw = False
56.7268 	EXP 	grating: autoDraw = False
56.7268 	EXP 	grating: ori = 0.0
56.7268 	EXP 	Fixation: autoDraw = True
57.7270 	EXP 	Fixation: autoDraw = False
57.7270 	EXP 	grating: autoDraw = True
58.0266 	EXP 	grating: autoDraw = False
58.2820 	EXP 	New trial (rep=20, index=0): None
58.2849 	DATA 	Keypress: up
58.2933 	EXP 	Fixation: autoDraw = False
58.2933 	EXP 	grating: autoDraw = False
58.2933 	EXP 	grating: ori = 0.0
58.2933 	EXP 	Fixation: autoDraw = True
59.2932 	EXP 	Fixation: autoDraw = False
59.2932 	EXP 	grating: autoDraw = True
59.5928 	EXP 	grating: autoDraw = False
59.7482 	EXP 	New trial (rep=21, index=0): None
59.7513 	DATA 	Keypress: up
59.7598 	EXP 	Fixation: autoDraw = False
59.7598 	EXP 	grating: autoDraw = False
59.7598 	EXP 	grating: ori = 0.0
59.7598 	EXP 	Fixation: autoDraw = True
60.7595 	EXP 	Fixation: autoDraw = False
60.7595 	EXP 	grating: autoDraw = True
61.0592 	EXP 	grating: autoDraw = False
61.1651 	EXP 	New trial (rep=22, index=0): None
61.1682 	DATA 	Keypress: up
61.1761 	EXP 	Fixation: autoDraw = False
61.1761 	EXP 	grating: autoDraw = False
61.1761 	EXP 	grating: ori = 0.0
61.1761 	EXP 	Fixation: autoDraw = True
62.1760 	EXP 	Fixation: autoDraw = False
62.1760 	EXP 	grating: autoDraw = True
62.4764 	EXP 	grating: autoDraw = False
62.5793 	DATA 	Keypress: up
62.5979 	EXP 	New trial (rep=23, index=0): None
62.6096 	EXP 	Fixation: autoDraw = False
62.6096 	EXP 	grating: autoDraw = False
62.6096 	EXP 	grating: ori = 0.0
62.6096 	EXP 	Fixation: autoDraw = True
63.6091 	EXP 	Fixation: autoDraw = False
63.6091 	EXP 	grating: autoDraw = True
63.9089 	EXP 	grating: autoDraw = False
64.1307 	EXP 	New trial (rep=24, index=0): None
64.1339 	DATA 	Keypress: up
64.1424 	EXP 	Fixation: autoDraw = False
64.1424 	EXP 	grating: autoDraw = False
64.1424 	EXP 	grating: ori = 0.0
64.1424 	EXP 	Fixation: autoDraw = True
65.1423 	EXP 	Fixation: autoDraw = False
65.1423 	EXP 	grating: autoDraw = True
65.4422 	EXP 	grating: autoDraw = False
65.7121 	DATA 	Keypress: up
65.7305 	EXP 	New trial (rep=25, index=0): None
65.7424 	EXP 	Fixation: autoDraw = False
65.7424 	EXP 	grating: autoDraw = False
65.7424 	EXP 	grating: ori = -2.0
65.7424 	EXP 	Fixation: autoDraw = True
66.7423 	EXP 	Fixation: autoDraw = False
66.7423 	EXP 	grating: autoDraw = True
67.0424 	EXP 	grating: autoDraw = False
67.4965 	EXP 	New trial (rep=26, index=0): None
67.4994 	DATA 	Keypress: down
67.5086 	EXP 	Fixation: autoDraw = False
67.5086 	EXP 	grating: autoDraw = False
67.5086 	EXP 	grating: ori = 0.0
67.5086 	EXP 	Fixation: autoDraw = True
68.5083 	EXP 	Fixation: autoDraw = False
68.5083 	EXP 	grating: autoDraw = True
68.8083 	EXP 	grating: autoDraw = False
69.2636 	EXP 	New trial (rep=27, index=0): None
69.2671 	DATA 	Keypress: down
69.2755 	EXP 	Fixation: autoDraw = False
69.2755 	EXP 	grating: autoDraw = False
69.2755 	EXP 	grating: ori = -4.0
69.2755 	EXP 	Fixation: autoDraw = True
70.2752 	EXP 	Fixation: autoDraw = False
70.2752 	EXP 	grating: autoDraw = True
70.5749 	EXP 	grating: autoDraw = False
70.7466 	EXP 	New trial (rep=28, index=0): None
70.7497 	DATA 	Keypress: down
70.7584 	EXP 	Fixation: autoDraw = False
70.7584 	EXP 	grating: autoDraw = False
70.7584 	EXP 	grating: ori = 0.0
70.7584 	EXP 	Fixation: autoDraw = True
71.7579 	EXP 	Fixation: autoDraw = False
71.7579 	EXP 	grating: autoDraw = True
72.0578 	EXP 	grating: autoDraw = False
72.3961 	EXP 	New trial (rep=29, index=0): None
72.3992 	DATA 	Keypress: up
72.4078 	EXP 	Fixation: autoDraw = False
72.4078 	EXP 	grating: autoDraw = False
72.4078 	EXP 	grating: ori = 0.0
72.4078 	EXP 	Fixation: autoDraw = True
73.4076 	EXP 	Fixation: autoDraw = False
73.4076 	EXP 	grating: autoDraw = True
73.7080 	EXP 	grating: autoDraw = False
73.9791 	EXP 	New trial (rep=30, index=0): None
73.9820 	DATA 	Keypress: up
73.9913 	EXP 	Fixation: autoDraw = False
73.9913 	EXP 	grating: autoDraw = False
73.9913 	EXP 	grating: ori = 0.0
73.9913 	EXP 	Fixation: autoDraw = True
74.9909 	EXP 	Fixation: autoDraw = False
74.9909 	EXP 	grating: autoDraw = True
75.2910 	EXP 	grating: autoDraw = False
75.4467 	EXP 	New trial (rep=31, index=0): None
75.4499 	DATA 	Keypress: up
75.4579 	EXP 	Fixation: autoDraw = False
75.4579 	EXP 	grating: autoDraw = False
75.4579 	EXP 	grating: ori = -4.0
75.4579 	EXP 	Fixation: autoDraw = True
76.4576 	EXP 	Fixation: autoDraw = False
76.4576 	EXP 	grating: autoDraw = True
76.7579 	EXP 	grating: autoDraw = False
77.0958 	EXP 	New trial (rep=32, index=0): None
77.0992 	DATA 	Keypress: down
77.1076 	EXP 	Fixation: autoDraw = False
77.1076 	EXP 	grating: autoDraw = False
77.1076 	EXP 	grating: ori = 2.0
77.1076 	EXP 	Fixation: autoDraw = True
78.1073 	EXP 	Fixation: autoDraw = False
78.1073 	EXP 	grating: autoDraw = True
78.4070 	EXP 	grating: autoDraw = False
78.6788 	EXP 	New trial (rep=33, index=0): None
78.6823 	DATA 	Keypress: down
78.6908 	EXP 	Fixation: autoDraw = False
78.6908 	EXP 	grating: autoDraw = False
78.6908 	EXP 	grating: ori = 2.0
78.6908 	EXP 	Fixation: autoDraw = True
79.6903 	EXP 	Fixation: autoDraw = False
79.6903 	EXP 	grating: autoDraw = True
79.9904 	EXP 	grating: autoDraw = False
80.2621 	EXP 	New trial (rep=34, index=0): None
80.2652 	DATA 	Keypress: down
80.2739 	EXP 	Fixation: autoDraw = False
80.2739 	EXP 	grating: autoDraw = False
80.2739 	EXP 	grating: ori = 0.0
80.2739 	EXP 	Fixation: autoDraw = True
81.2736 	EXP 	Fixation: autoDraw = False
81.2736 	EXP 	grating: autoDraw = True
81.5734 	EXP 	grating: autoDraw = False
81.7963 	EXP 	New trial (rep=35, index=0): None
81.7994 	DATA 	Keypress: up
81.8069 	EXP 	Fixation: autoDraw = False
81.8069 	EXP 	grating: autoDraw = False
81.8069 	EXP 	grating: ori = 0.0
81.8069 	EXP 	Fixation: autoDraw = True
82.8065 	EXP 	Fixation: autoDraw = False
82.8065 	EXP 	grating: autoDraw = True
83.1068 	EXP 	grating: autoDraw = False
83.4283 	EXP 	New trial (rep=36, index=0): None
83.4313 	DATA 	Keypress: up
83.4401 	EXP 	Fixation: autoDraw = False
83.4401 	EXP 	grating: autoDraw = False
83.4401 	EXP 	grating: ori = -4.0
83.4401 	EXP 	Fixation: autoDraw = True
84.4400 	EXP 	Fixation: autoDraw = False
84.4400 	EXP 	grating: autoDraw = True
84.7398 	EXP 	grating: autoDraw = False
84.9447 	EXP 	New trial (rep=37, index=0): None
84.9478 	DATA 	Keypress: down
84.9566 	EXP 	Fixation: autoDraw = False
84.9566 	EXP 	grating: autoDraw = False
84.9566 	EXP 	grating: ori = 4.0
84.9566 	EXP 	Fixation: autoDraw = True
85.9560 	EXP 	Fixation: autoDraw = False
85.9560 	EXP 	grating: autoDraw = True
86.2562 	EXP 	grating: autoDraw = False
86.5110 	EXP 	New trial (rep=38, index=0): None
86.5144 	DATA 	Keypress: down
86.5231 	EXP 	Fixation: autoDraw = False
86.5231 	EXP 	grating: autoDraw = False
86.5231 	EXP 	grating: ori = 0.0
86.5231 	EXP 	Fixation: autoDraw = True
87.5231 	EXP 	Fixation: autoDraw = False
87.5231 	EXP 	grating: autoDraw = True
87.8228 	EXP 	grating: autoDraw = False
88.4275 	EXP 	New trial (rep=39, index=0): None
88.4305 	DATA 	Keypress: up
88.4397 	EXP 	Fixation: autoDraw = False
88.4397 	EXP 	grating: autoDraw = False
88.4397 	EXP 	grating: ori = 0.0
88.4397 	EXP 	Fixation: autoDraw = True
89.4392 	EXP 	Fixation: autoDraw = False
89.4392 	EXP 	grating: autoDraw = True
89.7391 	EXP 	grating: autoDraw = False
90.0444 	EXP 	New trial (rep=40, index=0): None
90.0476 	DATA 	Keypress: up
90.0562 	EXP 	Fixation: autoDraw = False
90.0562 	EXP 	grating: autoDraw = False
90.0562 	EXP 	grating: ori = 0.0
90.0562 	EXP 	Fixation: autoDraw = True
91.0556 	EXP 	Fixation: autoDraw = False
91.0556 	EXP 	grating: autoDraw = True
91.3557 	EXP 	grating: autoDraw = False
91.7607 	EXP 	New trial (rep=41, index=0): None
91.7642 	DATA 	Keypress: up
91.7720 	EXP 	Fixation: autoDraw = False
91.7720 	EXP 	grating: autoDraw = False
91.7720 	EXP 	grating: ori = 0.0
91.7720 	EXP 	Fixation: autoDraw = True
92.7722 	EXP 	Fixation: autoDraw = False
92.7722 	EXP 	grating: autoDraw = True
93.0724 	EXP 	grating: autoDraw = False
93.4272 	EXP 	New trial (rep=42, index=0): None
93.4305 	DATA 	Keypress: up
93.4386 	EXP 	Fixation: autoDraw = False
93.4386 	EXP 	grating: autoDraw = False
93.4386 	EXP 	grating: ori = 0.0
93.4386 	EXP 	Fixation: autoDraw = True
94.4388 	EXP 	Fixation: autoDraw = False
94.4388 	EXP 	grating: autoDraw = True
94.7385 	EXP 	grating: autoDraw = False
95.0938 	EXP 	New trial (rep=43, index=0): None
95.0974 	DATA 	Keypress: up
95.1052 	EXP 	Fixation: autoDraw = False
95.1052 	EXP 	grating: autoDraw = False
95.1052 	EXP 	grating: ori = 1.0
95.1052 	EXP 	Fixation: autoDraw = True
96.1048 	EXP 	Fixation: autoDraw = False
96.1048 	EXP 	grating: autoDraw = True
96.4052 	EXP 	grating: autoDraw = False
97.0931 	EXP 	New trial (rep=44, index=0): None
97.0963 	DATA 	Keypress: down
97.1051 	EXP 	Fixation: autoDraw = False
97.1051 	EXP 	grating: autoDraw = False
97.1051 	EXP 	grating: ori = -5.0
97.1051 	EXP 	Fixation: autoDraw = True
98.1048 	EXP 	Fixation: autoDraw = False
98.1048 	EXP 	grating: autoDraw = True
98.4050 	EXP 	grating: autoDraw = False
98.7601 	EXP 	New trial (rep=45, index=0): None
98.7634 	DATA 	Keypress: down
98.7716 	EXP 	Fixation: autoDraw = False
98.7716 	EXP 	grating: autoDraw = False
98.7716 	EXP 	grating: ori = 0.0
98.7716 	EXP 	Fixation: autoDraw = True
99.7715 	EXP 	Fixation: autoDraw = False
99.7715 	EXP 	grating: autoDraw = True
100.0713 	EXP 	grating: autoDraw = False
100.5763 	EXP 	New trial (rep=46, index=0): None
100.5794 	DATA 	Keypress: up
100.5878 	EXP 	Fixation: autoDraw = False
100.5878 	EXP 	grating: autoDraw = False
100.5878 	EXP 	grating: ori = 4.0
100.5878 	EXP 	Fixation: autoDraw = True
101.5877 	EXP 	Fixation: autoDraw = False
101.5877 	EXP 	grating: autoDraw = True
101.8878 	EXP 	grating: autoDraw = False
102.1930 	EXP 	New trial (rep=47, index=0): None
102.1963 	DATA 	Keypress: down
102.2046 	EXP 	Fixation: autoDraw = False
102.2046 	EXP 	grating: autoDraw = False
102.2046 	EXP 	grating: ori = -3.0
102.2046 	EXP 	Fixation: autoDraw = True
103.2040 	EXP 	Fixation: autoDraw = False
103.2040 	EXP 	grating: autoDraw = True
103.5038 	EXP 	grating: autoDraw = False
103.7931 	EXP 	New trial (rep=48, index=0): None
103.7960 	DATA 	Keypress: down
103.8043 	EXP 	Fixation: autoDraw = False
103.8043 	EXP 	grating: autoDraw = False
103.8043 	EXP 	grating: ori = 0.0
103.8043 	EXP 	Fixation: autoDraw = True
104.8041 	EXP 	Fixation: autoDraw = False
104.8041 	EXP 	grating: autoDraw = True
105.1038 	EXP 	grating: autoDraw = False
105.5421 	EXP 	New trial (rep=49, index=0): None
105.5454 	DATA 	Keypress: up
105.5537 	EXP 	Fixation: autoDraw = False
105.5537 	EXP 	grating: autoDraw = False
105.5537 	EXP 	grating: ori = -2.0
105.5537 	EXP 	Fixation: autoDraw = True
106.5536 	EXP 	Fixation: autoDraw = False
106.5536 	EXP 	grating: autoDraw = True
106.8536 	EXP 	grating: autoDraw = False
107.1796 	EXP 	New trial (rep=50, index=0): None
107.1813 	DATA 	Keypress: down
107.1834 	EXP 	Fixation: autoDraw = False
107.1834 	EXP 	grating: autoDraw = False
107.1834 	EXP 	grating: ori = 0.0
107.1834 	EXP 	Fixation: autoDraw = True
108.1870 	EXP 	Fixation: autoDraw = False
108.1870 	EXP 	grating: autoDraw = True
108.4870 	EXP 	grating: autoDraw = False
109.0902 	DATA 	Keypress: up
109.1077 	EXP 	New trial (rep=51, index=0): None
109.1201 	EXP 	Fixation: autoDraw = False
109.1201 	EXP 	grating: autoDraw = False
109.1201 	EXP 	grating: ori = 0.0
109.1201 	EXP 	Fixation: autoDraw = True
110.1200 	EXP 	Fixation: autoDraw = False
110.1200 	EXP 	grating: autoDraw = True
110.4197 	EXP 	grating: autoDraw = False
110.7913 	EXP 	New trial (rep=52, index=0): None
110.7943 	DATA 	Keypress: up
110.8033 	EXP 	Fixation: autoDraw = False
110.8033 	EXP 	grating: autoDraw = False
110.8033 	EXP 	grating: ori = 3.0
110.8033 	EXP 	Fixation: autoDraw = True
111.8032 	EXP 	Fixation: autoDraw = False
111.8032 	EXP 	grating: autoDraw = True
112.1031 	EXP 	grating: autoDraw = False
112.4078 	EXP 	New trial (rep=53, index=0): None
112.4108 	DATA 	Keypress: down
112.4198 	EXP 	Fixation: autoDraw = False
112.4198 	EXP 	grating: autoDraw = False
112.4198 	EXP 	grating: ori = 1.0
112.4198 	EXP 	Fixation: autoDraw = True
113.4198 	EXP 	Fixation: autoDraw = False
113.4198 	EXP 	grating: autoDraw = True
113.7192 	EXP 	grating: autoDraw = False
114.0749 	EXP 	New trial (rep=54, index=0): None
114.0779 	DATA 	Keypress: up
114.0863 	EXP 	Fixation: autoDraw = False
114.0863 	EXP 	grating: autoDraw = False
114.0863 	EXP 	grating: ori = 3.0
114.0863 	EXP 	Fixation: autoDraw = True
115.0861 	EXP 	Fixation: autoDraw = False
115.0861 	EXP 	grating: autoDraw = True
115.3861 	EXP 	grating: autoDraw = False
115.7743 	EXP 	New trial (rep=55, index=0): None
115.7775 	DATA 	Keypress: down
115.7864 	EXP 	Fixation: autoDraw = False
115.7864 	EXP 	grating: autoDraw = False
115.7864 	EXP 	grating: ori = -3.0
115.7864 	EXP 	Fixation: autoDraw = True
116.7864 	EXP 	Fixation: autoDraw = False
116.7864 	EXP 	grating: autoDraw = True
117.0856 	EXP 	grating: autoDraw = False
117.3416 	EXP 	New trial (rep=56, index=0): None
117.3446 	DATA 	Keypress: down
117.3523 	EXP 	Fixation: autoDraw = False
117.3523 	EXP 	grating: autoDraw = False
117.3523 	EXP 	grating: ori = 0.0
117.3523 	EXP 	Fixation: autoDraw = True
118.3517 	EXP 	Fixation: autoDraw = False
118.3517 	EXP 	grating: autoDraw = True
118.6523 	EXP 	grating: autoDraw = False
119.0739 	EXP 	New trial (rep=57, index=0): None
119.0770 	DATA 	Keypress: up
119.0859 	EXP 	Fixation: autoDraw = False
119.0859 	EXP 	grating: autoDraw = False
119.0859 	EXP 	grating: ori = 0.0
119.0859 	EXP 	Fixation: autoDraw = True
120.0853 	EXP 	Fixation: autoDraw = False
120.0853 	EXP 	grating: autoDraw = True
120.3856 	EXP 	grating: autoDraw = False
120.8238 	EXP 	New trial (rep=58, index=0): None
120.8270 	DATA 	Keypress: up
120.8352 	EXP 	Fixation: autoDraw = False
120.8352 	EXP 	grating: autoDraw = False
120.8352 	EXP 	grating: ori = 0.0
120.8352 	EXP 	Fixation: autoDraw = True
121.8356 	EXP 	Fixation: autoDraw = False
121.8356 	EXP 	grating: autoDraw = True
122.1353 	EXP 	grating: autoDraw = False
122.5733 	EXP 	New trial (rep=59, index=0): None
122.5764 	DATA 	Keypress: up
122.5855 	EXP 	Fixation: autoDraw = False
122.5855 	EXP 	grating: autoDraw = False
122.5855 	EXP 	grating: ori = 4.0
122.5855 	EXP 	Fixation: autoDraw = True
123.5849 	EXP 	Fixation: autoDraw = False
123.5849 	EXP 	grating: autoDraw = True
123.8851 	EXP 	grating: autoDraw = False
124.3233 	EXP 	New trial (rep=60, index=0): None
124.3263 	DATA 	Keypress: down
124.3345 	EXP 	Fixation: autoDraw = False
124.3345 	EXP 	grating: autoDraw = False
124.3345 	EXP 	grating: ori = 1.0
124.3345 	EXP 	Fixation: autoDraw = True
125.3347 	EXP 	Fixation: autoDraw = False
125.3347 	EXP 	grating: autoDraw = True
125.6347 	EXP 	grating: autoDraw = False
125.9569 	EXP 	New trial (rep=61, index=0): None
125.9600 	DATA 	Keypress: up
125.9677 	EXP 	Fixation: autoDraw = False
125.9677 	EXP 	grating: autoDraw = False
125.9677 	EXP 	grating: ori = 0.0
125.9677 	EXP 	Fixation: autoDraw = True
126.9676 	EXP 	Fixation: autoDraw = False
126.9676 	EXP 	grating: autoDraw = True
127.2679 	EXP 	grating: autoDraw = False
127.5058 	EXP 	New trial (rep=62, index=0): None
127.5088 	DATA 	Keypress: down
127.5180 	EXP 	Fixation: autoDraw = False
127.5180 	EXP 	grating: autoDraw = False
127.5180 	EXP 	grating: ori = -4.0
127.5180 	EXP 	Fixation: autoDraw = True
128.5173 	EXP 	Fixation: autoDraw = False
128.5173 	EXP 	grating: autoDraw = True
128.8178 	EXP 	grating: autoDraw = False
129.1721 	EXP 	New trial (rep=63, index=0): None
129.1751 	DATA 	Keypress: down
129.1844 	EXP 	Fixation: autoDraw = False
129.1844 	EXP 	grating: autoDraw = False
129.1844 	EXP 	grating: ori = 0.0
129.1844 	EXP 	Fixation: autoDraw = True
130.1841 	EXP 	Fixation: autoDraw = False
130.1841 	EXP 	grating: autoDraw = True
130.4842 	EXP 	grating: autoDraw = False
130.8557 	EXP 	New trial (rep=64, index=0): None
130.8590 	DATA 	Keypress: up
130.8673 	EXP 	Fixation: autoDraw = False
130.8673 	EXP 	grating: autoDraw = False
130.8673 	EXP 	grating: ori = 0.0
130.8673 	EXP 	Fixation: autoDraw = True
131.8670 	EXP 	Fixation: autoDraw = False
131.8670 	EXP 	grating: autoDraw = True
132.1670 	EXP 	grating: autoDraw = False
132.6723 	EXP 	New trial (rep=65, index=0): None
132.6752 	DATA 	Keypress: down
132.6838 	EXP 	Fixation: autoDraw = False
132.6838 	EXP 	grating: autoDraw = False
132.6838 	EXP 	grating: ori = 0.0
132.6838 	EXP 	Fixation: autoDraw = True
133.6838 	EXP 	Fixation: autoDraw = False
133.6838 	EXP 	grating: autoDraw = True
133.9834 	EXP 	grating: autoDraw = False
134.3536 	DATA 	Keypress: up
134.3717 	EXP 	New trial (rep=66, index=0): None
134.3834 	EXP 	Fixation: autoDraw = False
134.3834 	EXP 	grating: autoDraw = False
134.3834 	EXP 	grating: ori = 2.0
134.3834 	EXP 	Fixation: autoDraw = True
135.3833 	EXP 	Fixation: autoDraw = False
135.3833 	EXP 	grating: autoDraw = True
135.6835 	EXP 	grating: autoDraw = False
136.0385 	EXP 	New trial (rep=67, index=0): None
136.0417 	DATA 	Keypress: down
136.0497 	EXP 	Fixation: autoDraw = False
136.0497 	EXP 	grating: autoDraw = False
136.0497 	EXP 	grating: ori = 0.0
136.0497 	EXP 	Fixation: autoDraw = True
137.0499 	EXP 	Fixation: autoDraw = False
137.0499 	EXP 	grating: autoDraw = True
137.3494 	EXP 	grating: autoDraw = False
137.7390 	EXP 	New trial (rep=68, index=0): None
137.7422 	DATA 	Keypress: up
137.7500 	EXP 	Fixation: autoDraw = False
137.7500 	EXP 	grating: autoDraw = False
137.7500 	EXP 	grating: ori = 3.0
137.7500 	EXP 	Fixation: autoDraw = True
138.7493 	EXP 	Fixation: autoDraw = False
138.7493 	EXP 	grating: autoDraw = True
139.0497 	EXP 	grating: autoDraw = False
139.4712 	EXP 	New trial (rep=69, index=0): None
139.4743 	DATA 	Keypress: up
139.4830 	EXP 	Fixation: autoDraw = False
139.4830 	EXP 	grating: autoDraw = False
139.4830 	EXP 	grating: ori = 0.0
139.4830 	EXP 	Fixation: autoDraw = True
140.4828 	EXP 	Fixation: autoDraw = False
140.4828 	EXP 	grating: autoDraw = True
140.7830 	EXP 	grating: autoDraw = False
141.4041 	EXP 	New trial (rep=70, index=0): None
141.4077 	DATA 	Keypress: up
141.4161 	EXP 	Fixation: autoDraw = False
141.4161 	EXP 	grating: autoDraw = False
141.4161 	EXP 	grating: ori = -5.0
141.4161 	EXP 	Fixation: autoDraw = True
142.4158 	EXP 	Fixation: autoDraw = False
142.4158 	EXP 	grating: autoDraw = True
142.7157 	EXP 	grating: autoDraw = False
142.9191 	DATA 	Keypress: down
142.9374 	EXP 	New trial (rep=71, index=0): None
142.9494 	EXP 	Fixation: autoDraw = False
142.9494 	EXP 	grating: autoDraw = False
142.9494 	EXP 	grating: ori = 0.0
142.9494 	EXP 	Fixation: autoDraw = True
143.9492 	EXP 	Fixation: autoDraw = False
143.9492 	EXP 	grating: autoDraw = True
144.2487 	EXP 	grating: autoDraw = False
144.6878 	EXP 	New trial (rep=72, index=0): None
144.6912 	DATA 	Keypress: up
144.6988 	EXP 	Fixation: autoDraw = False
144.6988 	EXP 	grating: autoDraw = False
144.6988 	EXP 	grating: ori = -3.0
144.6988 	EXP 	Fixation: autoDraw = True
145.6985 	EXP 	Fixation: autoDraw = False
145.6985 	EXP 	grating: autoDraw = True
145.9985 	EXP 	grating: autoDraw = False
146.3371 	EXP 	New trial (rep=73, index=0): None
146.3403 	DATA 	Keypress: down
146.3487 	EXP 	Fixation: autoDraw = False
146.3487 	EXP 	grating: autoDraw = False
146.3487 	EXP 	grating: ori = 2.0
146.3487 	EXP 	Fixation: autoDraw = True
147.3483 	EXP 	Fixation: autoDraw = False
147.3483 	EXP 	grating: autoDraw = True
147.6485 	EXP 	grating: autoDraw = False
148.0704 	EXP 	New trial (rep=74, index=0): None
148.0737 	DATA 	Keypress: down
148.0816 	EXP 	Fixation: autoDraw = False
148.0816 	EXP 	grating: autoDraw = False
148.0816 	EXP 	grating: ori = -2.0
148.0816 	EXP 	Fixation: autoDraw = True
149.0821 	EXP 	Fixation: autoDraw = False
149.0821 	EXP 	grating: autoDraw = True
149.3819 	EXP 	grating: autoDraw = False
149.7200 	EXP 	New trial (rep=75, index=0): None
149.7231 	DATA 	Keypress: down
149.7318 	EXP 	Fixation: autoDraw = False
149.7318 	EXP 	grating: autoDraw = False
149.7318 	EXP 	grating: ori = 0.0
149.7318 	EXP 	Fixation: autoDraw = True
150.7314 	EXP 	Fixation: autoDraw = False
150.7314 	EXP 	grating: autoDraw = True
151.0312 	EXP 	grating: autoDraw = False
151.4025 	EXP 	New trial (rep=76, index=0): None
151.4054 	DATA 	Keypress: up
151.4147 	EXP 	Fixation: autoDraw = False
151.4147 	EXP 	grating: autoDraw = False
151.4147 	EXP 	grating: ori = -4.0
151.4147 	EXP 	Fixation: autoDraw = True
152.4147 	EXP 	Fixation: autoDraw = False
152.4147 	EXP 	grating: autoDraw = True
152.7148 	EXP 	grating: autoDraw = False
153.1198 	EXP 	New trial (rep=77, index=0): None
153.1232 	DATA 	Keypress: down
153.1314 	EXP 	Fixation: autoDraw = False
153.1314 	EXP 	grating: autoDraw = False
153.1314 	EXP 	grating: ori = 0.0
153.1314 	EXP 	Fixation: autoDraw = True
154.1309 	EXP 	Fixation: autoDraw = False
154.1309 	EXP 	grating: autoDraw = True
154.4311 	EXP 	grating: autoDraw = False
155.0362 	EXP 	New trial (rep=78, index=0): None
155.0392 	DATA 	Keypress: up
155.0476 	EXP 	Fixation: autoDraw = False
155.0476 	EXP 	grating: autoDraw = False
155.0476 	EXP 	grating: ori = 3.0
155.0476 	EXP 	Fixation: autoDraw = True
156.0477 	EXP 	Fixation: autoDraw = False
156.0477 	EXP 	grating: autoDraw = True
156.3471 	EXP 	grating: autoDraw = False
156.6343 	DATA 	Keypress: down
156.6520 	EXP 	New trial (rep=79, index=0): None
156.6640 	EXP 	Fixation: autoDraw = False
156.6640 	EXP 	grating: autoDraw = False
156.6640 	EXP 	grating: ori = 0.0
156.6640 	EXP 	Fixation: autoDraw = True
157.6642 	EXP 	Fixation: autoDraw = False
157.6642 	EXP 	grating: autoDraw = True
157.9638 	EXP 	grating: autoDraw = False
158.5025 	EXP 	New trial (rep=80, index=0): None
158.5058 	DATA 	Keypress: up
158.5135 	EXP 	Fixation: autoDraw = False
158.5135 	EXP 	grating: autoDraw = False
158.5135 	EXP 	grating: ori = 0.0
158.5135 	EXP 	Fixation: autoDraw = True
159.5140 	EXP 	Fixation: autoDraw = False
159.5140 	EXP 	grating: autoDraw = True
159.8136 	EXP 	grating: autoDraw = False
160.2192 	EXP 	New trial (rep=81, index=0): None
160.2225 	DATA 	Keypress: up
160.2301 	EXP 	Fixation: autoDraw = False
160.2301 	EXP 	grating: autoDraw = False
160.2301 	EXP 	grating: ori = -2.0
160.2301 	EXP 	Fixation: autoDraw = True
161.2303 	EXP 	Fixation: autoDraw = False
161.2303 	EXP 	grating: autoDraw = True
161.5300 	EXP 	grating: autoDraw = False
161.9186 	EXP 	New trial (rep=82, index=0): None
161.9219 	DATA 	Keypress: up
161.9302 	EXP 	Fixation: autoDraw = False
161.9302 	EXP 	grating: autoDraw = False
161.9302 	EXP 	grating: ori = 0.0
161.9302 	EXP 	Fixation: autoDraw = True
162.9297 	EXP 	Fixation: autoDraw = False
162.9297 	EXP 	grating: autoDraw = True
163.2296 	EXP 	grating: autoDraw = False
163.5850 	EXP 	New trial (rep=83, index=0): None
163.5883 	DATA 	Keypress: up
163.5965 	EXP 	Fixation: autoDraw = False
163.5965 	EXP 	grating: autoDraw = False
163.5965 	EXP 	grating: ori = 0.0
163.5965 	EXP 	Fixation: autoDraw = True
164.5961 	EXP 	Fixation: autoDraw = False
164.5961 	EXP 	grating: autoDraw = True
164.8960 	EXP 	grating: autoDraw = False
165.2848 	EXP 	New trial (rep=84, index=0): None
165.2882 	DATA 	Keypress: up
165.2965 	EXP 	Fixation: autoDraw = False
165.2965 	EXP 	grating: autoDraw = False
165.2965 	EXP 	grating: ori = -3.0
165.2965 	EXP 	Fixation: autoDraw = True
166.2961 	EXP 	Fixation: autoDraw = False
166.2961 	EXP 	grating: autoDraw = True
166.5960 	EXP 	grating: autoDraw = False
166.9514 	EXP 	New trial (rep=85, index=0): None
166.9546 	DATA 	Keypress: up
166.9626 	EXP 	Fixation: autoDraw = False
166.9626 	EXP 	grating: autoDraw = False
166.9626 	EXP 	grating: ori = 2.0
166.9626 	EXP 	Fixation: autoDraw = True
167.9628 	EXP 	Fixation: autoDraw = False
167.9628 	EXP 	grating: autoDraw = True
168.2623 	EXP 	grating: autoDraw = False
168.6342 	EXP 	New trial (rep=86, index=0): None
168.6376 	DATA 	Keypress: down
168.6456 	EXP 	Fixation: autoDraw = False
168.6456 	EXP 	grating: autoDraw = False
168.6456 	EXP 	grating: ori = 0.0
168.6456 	EXP 	Fixation: autoDraw = True
169.6456 	EXP 	Fixation: autoDraw = False
169.6456 	EXP 	grating: autoDraw = True
169.9453 	EXP 	grating: autoDraw = False
170.3173 	EXP 	New trial (rep=87, index=0): None
170.3206 	DATA 	Keypress: up
170.3292 	EXP 	Fixation: autoDraw = False
170.3292 	EXP 	grating: autoDraw = False
170.3292 	EXP 	grating: ori = 0.0
170.3292 	EXP 	Fixation: autoDraw = True
171.3287 	EXP 	Fixation: autoDraw = False
171.3287 	EXP 	grating: autoDraw = True
171.6293 	EXP 	grating: autoDraw = False
172.0160 	DATA 	Keypress: up
172.0337 	EXP 	New trial (rep=88, index=0): None
172.0454 	EXP 	Fixation: autoDraw = False
172.0454 	EXP 	grating: autoDraw = False
172.0454 	EXP 	grating: ori = 2.0
172.0454 	EXP 	Fixation: autoDraw = True
173.0451 	EXP 	Fixation: autoDraw = False
173.0451 	EXP 	grating: autoDraw = True
173.3453 	EXP 	grating: autoDraw = False
173.8341 	EXP 	New trial (rep=89, index=0): None
173.8375 	DATA 	Keypress: down
173.8451 	EXP 	Fixation: autoDraw = False
173.8451 	EXP 	grating: autoDraw = False
173.8451 	EXP 	grating: ori = 0.0
173.8451 	EXP 	Fixation: autoDraw = True
174.8450 	EXP 	Fixation: autoDraw = False
174.8450 	EXP 	grating: autoDraw = True
175.1452 	EXP 	grating: autoDraw = False
175.6674 	EXP 	New trial (rep=90, index=0): None
175.6704 	DATA 	Keypress: up
175.6786 	EXP 	Fixation: autoDraw = False
175.6786 	EXP 	grating: autoDraw = False
175.6786 	EXP 	grating: ori = 2.0
175.6786 	EXP 	Fixation: autoDraw = True
176.6782 	EXP 	Fixation: autoDraw = False
176.6782 	EXP 	grating: autoDraw = True
176.9778 	EXP 	grating: autoDraw = False
177.5499 	EXP 	New trial (rep=91, index=0): None
177.5530 	DATA 	Keypress: down
177.5617 	EXP 	Fixation: autoDraw = False
177.5617 	EXP 	grating: autoDraw = False
177.5617 	EXP 	grating: ori = 0.0
177.5617 	EXP 	Fixation: autoDraw = True
178.5610 	EXP 	Fixation: autoDraw = False
178.5610 	EXP 	grating: autoDraw = True
178.8612 	EXP 	grating: autoDraw = False
179.1332 	EXP 	New trial (rep=92, index=0): None
179.1363 	DATA 	Keypress: up
179.1448 	EXP 	Fixation: autoDraw = False
179.1448 	EXP 	grating: autoDraw = False
179.1448 	EXP 	grating: ori = -3.0
179.1448 	EXP 	Fixation: autoDraw = True
180.1445 	EXP 	Fixation: autoDraw = False
180.1445 	EXP 	grating: autoDraw = True
180.4440 	EXP 	grating: autoDraw = False
180.8330 	EXP 	New trial (rep=93, index=0): None
180.8361 	DATA 	Keypress: down
180.8443 	EXP 	Fixation: autoDraw = False
180.8443 	EXP 	grating: autoDraw = False
180.8443 	EXP 	grating: ori = -3.0
180.8443 	EXP 	Fixation: autoDraw = True
181.8441 	EXP 	Fixation: autoDraw = False
181.8441 	EXP 	grating: autoDraw = True
182.1440 	EXP 	grating: autoDraw = False
182.4989 	EXP 	New trial (rep=94, index=0): None
182.5021 	DATA 	Keypress: down
182.5108 	EXP 	Fixation: autoDraw = False
182.5108 	EXP 	grating: autoDraw = False
182.5108 	EXP 	grating: ori = 0.0
182.5108 	EXP 	Fixation: autoDraw = True
183.5107 	EXP 	Fixation: autoDraw = False
183.5107 	EXP 	grating: autoDraw = True
183.8106 	EXP 	grating: autoDraw = False
184.1498 	EXP 	New trial (rep=95, index=0): None
184.1530 	DATA 	Keypress: up
184.1607 	EXP 	Fixation: autoDraw = False
184.1607 	EXP 	grating: autoDraw = False
184.1607 	EXP 	grating: ori = 0.0
184.1607 	EXP 	Fixation: autoDraw = True
185.1602 	EXP 	Fixation: autoDraw = False
185.1602 	EXP 	grating: autoDraw = True
185.4603 	EXP 	grating: autoDraw = False
185.7822 	EXP 	New trial (rep=96, index=0): None
185.7853 	DATA 	Keypress: up
185.7937 	EXP 	Fixation: autoDraw = False
185.7937 	EXP 	grating: autoDraw = False
185.7937 	EXP 	grating: ori = 0.0
185.7937 	EXP 	Fixation: autoDraw = True
186.7934 	EXP 	Fixation: autoDraw = False
186.7934 	EXP 	grating: autoDraw = True
187.0935 	EXP 	grating: autoDraw = False
187.5319 	EXP 	New trial (rep=97, index=0): None
187.5353 	DATA 	Keypress: up
187.5432 	EXP 	Fixation: autoDraw = False
187.5432 	EXP 	grating: autoDraw = False
187.5432 	EXP 	grating: ori = 4.0
187.5432 	EXP 	Fixation: autoDraw = True
188.5434 	EXP 	Fixation: autoDraw = False
188.5434 	EXP 	grating: autoDraw = True
188.8431 	EXP 	grating: autoDraw = False
189.1984 	EXP 	New trial (rep=98, index=0): None
189.2015 	DATA 	Keypress: down
189.2102 	EXP 	Fixation: autoDraw = False
189.2102 	EXP 	grating: autoDraw = False
189.2102 	EXP 	grating: ori = 0.0
189.2102 	EXP 	Fixation: autoDraw = True
190.2100 	EXP 	Fixation: autoDraw = False
190.2100 	EXP 	grating: autoDraw = True
190.5096 	EXP 	grating: autoDraw = False
190.9150 	EXP 	New trial (rep=99, index=0): None
190.9183 	DATA 	Keypress: up
190.9262 	EXP 	Fixation: autoDraw = False
190.9262 	EXP 	grating: autoDraw = False
190.9262 	EXP 	grating: ori = 0.0
190.9262 	EXP 	Fixation: autoDraw = True
191.9263 	EXP 	Fixation: autoDraw = False
191.9263 	EXP 	grating: autoDraw = True
192.2260 	EXP 	grating: autoDraw = False
192.6474 	DATA 	Keypress: up
192.6595 	EXP 	Fixation: autoDraw = False
192.6595 	EXP 	grating: autoDraw = False
192.8552 	EXP 	window1: mouseVisible = True
